Fri May 27 17:15:06 Saved as file BACKUP1.MAX
Fri May 27 17:25:06 Saved as file BACKUP1.MAX
Fri May 27 17:35:06 Saved as file BACKUP1.MAX
Fri May 27 17:45:07 Saved as file BACKUP1.MAX
Fri May 27 17:55:07 Saved as file BACKUP1.MAX
Fri May 27 18:05:08 Saved as file BACKUP1.MAX
Fri May 27 18:15:08 Saved as file BACKUP1.MAX
Fri May 27 18:25:08 Saved as file BACKUP1.MAX
Fri May 27 18:35:09 Saved as file BACKUP1.MAX
Fri May 27 18:45:09 Saved as file BACKUP1.MAX
Fri May 27 18:55:09 Saved as file BACKUP1.MAX
Fri May 27 19:05:10 Saved as file BACKUP1.MAX
Fri May 27 19:15:10 Saved as file BACKUP1.MAX
Fri May 27 19:25:10 Saved as file BACKUP1.MAX
Fri May 27 19:35:11 Saved as file BACKUP1.MAX
Fri May 27 19:45:11 Saved as file BACKUP1.MAX
Fri May 27 19:55:12 Saved as file BACKUP1.MAX
Fri May 27 20:05:12 Saved as file BACKUP1.MAX
Fri May 27 20:15:12 Saved as file BACKUP1.MAX
Fri May 27 20:25:13 Saved as file BACKUP1.MAX
Fri May 27 20:35:13 Saved as file BACKUP1.MAX
Fri May 27 20:45:14 Saved as file BACKUP1.MAX
Fri May 27 20:55:14 Saved as file BACKUP1.MAX
Fri May 27 21:05:14 Saved as file BACKUP1.MAX
Fri May 27 21:15:15 Saved as file BACKUP1.MAX
Fri May 27 21:25:15 Saved as file BACKUP1.MAX
Fri May 27 21:35:15 Saved as file BACKUP1.MAX
Fri May 27 21:45:16 Saved as file BACKUP1.MAX
Fri May 27 21:55:16 Saved as file BACKUP1.MAX
Fri May 27 22:05:17 Saved as file BACKUP1.MAX
Fri May 27 22:15:17 Saved as file BACKUP1.MAX
Fri May 27 22:25:17 Saved as file BACKUP1.MAX
Fri May 27 22:35:18 Saved as file BACKUP1.MAX
Fri May 27 22:45:18 Saved as file BACKUP1.MAX
Fri May 27 22:55:18 Saved as file BACKUP1.MAX
Fri May 27 23:05:19 Saved as file BACKUP1.MAX
Fri May 27 23:15:19 Saved as file BACKUP1.MAX
Fri May 27 23:25:20 Saved as file BACKUP1.MAX
Fri May 27 23:35:20 Saved as file BACKUP1.MAX
Fri May 27 23:45:20 Saved as file BACKUP1.MAX
Fri May 27 23:55:21 Saved as file BACKUP1.MAX
Sat May 28 00:05:21 Saved as file BACKUP1.MAX
Sat May 28 00:15:21 Saved as file BACKUP1.MAX
Sat May 28 00:25:22 Saved as file BACKUP1.MAX
Sat May 28 00:35:22 Saved as file BACKUP1.MAX
Sat May 28 00:45:23 Saved as file BACKUP1.MAX
Sat May 28 00:55:23 Saved as file BACKUP1.MAX
Sat May 28 01:05:23 Saved as file BACKUP1.MAX
Sat May 28 01:15:24 Saved as file BACKUP1.MAX
Sat May 28 01:25:24 Saved as file BACKUP1.MAX
Sat May 28 01:35:24 Saved as file BACKUP1.MAX
Sat May 28 01:45:25 Saved as file BACKUP1.MAX
Sat May 28 01:55:25 Saved as file BACKUP1.MAX
Sat May 28 02:05:26 Saved as file BACKUP1.MAX
Sat May 28 02:15:26 Saved as file BACKUP1.MAX
Sat May 28 02:25:26 Saved as file BACKUP1.MAX
Sat May 28 02:35:27 Saved as file BACKUP1.MAX
Sat May 28 02:45:27 Saved as file BACKUP1.MAX
Sat May 28 02:55:27 Saved as file BACKUP1.MAX
Sat May 28 03:05:28 Saved as file BACKUP1.MAX
Sat May 28 03:15:28 Saved as file BACKUP1.MAX
Sat May 28 03:25:29 Saved as file BACKUP1.MAX
Sat May 28 03:35:29 Saved as file BACKUP1.MAX
Sat May 28 03:45:29 Saved as file BACKUP1.MAX
Sat May 28 03:55:30 Saved as file BACKUP1.MAX
Sat May 28 04:05:30 Saved as file BACKUP1.MAX
Sat May 28 04:15:31 Saved as file BACKUP1.MAX
Sat May 28 04:25:31 Saved as file BACKUP1.MAX
Sat May 28 04:35:31 Saved as file BACKUP1.MAX
Sat May 28 04:45:32 Saved as file BACKUP1.MAX
Sat May 28 04:55:32 Saved as file BACKUP1.MAX
Sat May 28 05:05:32 Saved as file BACKUP1.MAX
Sat May 28 05:15:33 Saved as file BACKUP1.MAX
Sat May 28 05:25:33 Saved as file BACKUP1.MAX
Sat May 28 05:35:34 Saved as file BACKUP1.MAX
Sat May 28 05:45:34 Saved as file BACKUP1.MAX
Sat May 28 05:55:34 Saved as file BACKUP1.MAX
Sat May 28 06:05:35 Saved as file BACKUP1.MAX
Sat May 28 06:15:35 Saved as file BACKUP1.MAX
Sat May 28 06:25:35 Saved as file BACKUP1.MAX
Sat May 28 06:35:36 Saved as file BACKUP1.MAX
Sat May 28 06:45:36 Saved as file BACKUP1.MAX
Sat May 28 06:55:37 Saved as file BACKUP1.MAX
Sat May 28 07:05:37 Saved as file BACKUP1.MAX
Sat May 28 07:15:37 Saved as file BACKUP1.MAX
Sat May 28 07:25:38 Saved as file BACKUP1.MAX
Sat May 28 07:35:38 Saved as file BACKUP1.MAX
Sat May 28 07:45:38 Saved as file BACKUP1.MAX
Sat May 28 07:55:39 Saved as file BACKUP1.MAX
Sat May 28 08:05:39 Saved as file BACKUP1.MAX
Sat May 28 08:15:40 Saved as file BACKUP1.MAX
Sat May 28 08:25:40 Saved as file BACKUP1.MAX
Sat May 28 08:35:40 Saved as file BACKUP1.MAX
Sat May 28 08:45:41 Saved as file BACKUP1.MAX
Sat May 28 08:55:41 Saved as file BACKUP1.MAX
Sat May 28 09:05:41 Saved as file BACKUP1.MAX
Sat May 28 09:15:42 Saved as file BACKUP1.MAX
Sat May 28 09:25:42 Saved as file BACKUP1.MAX
Sat May 28 09:35:43 Saved as file BACKUP1.MAX
Sat May 28 09:45:43 Saved as file BACKUP1.MAX
Sat May 28 09:55:43 Saved as file BACKUP1.MAX
Sat May 28 10:05:44 Saved as file BACKUP1.MAX
Sat May 28 10:15:44 Saved as file BACKUP1.MAX
Sat May 28 10:25:44 Saved as file BACKUP1.MAX
Sat May 28 10:35:45 Saved as file BACKUP1.MAX
Sat May 28 10:45:45 Saved as file BACKUP1.MAX
Sat May 28 10:55:46 Saved as file BACKUP1.MAX
Sat May 28 11:05:46 Saved as file BACKUP1.MAX
Sat May 28 11:15:46 Saved as file BACKUP1.MAX
Sat May 28 11:25:47 Saved as file BACKUP1.MAX
Sat May 28 11:35:47 Saved as file BACKUP1.MAX
Sat May 28 11:45:48 Saved as file BACKUP1.MAX
Sat May 28 11:55:48 Saved as file BACKUP1.MAX
Sat May 28 12:05:48 Saved as file BACKUP1.MAX
Sat May 28 12:15:49 Saved as file BACKUP1.MAX
Sat May 28 12:25:49 Saved as file BACKUP1.MAX
Sat May 28 12:35:49 Saved as file BACKUP1.MAX
Sat May 28 12:45:50 Saved as file BACKUP1.MAX
Sat May 28 12:55:50 Saved as file BACKUP1.MAX
Sat May 28 13:05:51 Saved as file BACKUP1.MAX
Sat May 28 13:15:51 Saved as file BACKUP1.MAX
Sat May 28 13:25:51 Saved as file BACKUP1.MAX
Sat May 28 13:35:52 Saved as file BACKUP1.MAX
Sat May 28 13:45:52 Saved as file BACKUP1.MAX
Sat May 28 13:55:52 Saved as file BACKUP1.MAX
Sat May 28 14:05:53 Saved as file BACKUP1.MAX
Sat May 28 14:15:53 Saved as file BACKUP1.MAX
Sat May 28 14:25:54 Saved as file BACKUP1.MAX
Sat May 28 14:35:54 Saved as file BACKUP1.MAX
Sat May 28 14:45:54 Saved as file BACKUP1.MAX
Sat May 28 14:55:55 Saved as file BACKUP1.MAX
Sat May 28 15:05:55 Saved as file BACKUP1.MAX
Sat May 28 15:15:55 Saved as file BACKUP1.MAX
Sat May 28 15:25:56 Saved as file BACKUP1.MAX
Sat May 28 15:35:56 Saved as file BACKUP1.MAX
Sat May 28 15:45:57 Saved as file BACKUP1.MAX
Sat May 28 15:55:57 Saved as file BACKUP1.MAX
Sat May 28 16:05:57 Saved as file BACKUP1.MAX
Sat May 28 16:15:58 Saved as file BACKUP1.MAX
Sat May 28 16:25:58 Saved as file BACKUP1.MAX
Sat May 28 16:35:58 Saved as file BACKUP1.MAX
Sat May 28 16:45:59 Saved as file BACKUP1.MAX
Sat May 28 16:55:59 Saved as file BACKUP1.MAX
Sat May 28 17:06:00 Saved as file BACKUP1.MAX
Sat May 28 17:16:00 Saved as file BACKUP1.MAX
Sat May 28 17:26:00 Saved as file BACKUP1.MAX
Sat May 28 17:36:01 Saved as file BACKUP1.MAX
Sat May 28 17:46:01 Saved as file BACKUP1.MAX
Sat May 28 17:56:01 Saved as file BACKUP1.MAX
Sat May 28 18:06:02 Saved as file BACKUP1.MAX
Sat May 28 18:16:02 Saved as file BACKUP1.MAX
Sat May 28 18:26:03 Saved as file BACKUP1.MAX
Sat May 28 18:36:03 Saved as file BACKUP1.MAX
Sat May 28 18:46:03 Saved as file BACKUP1.MAX
Sat May 28 18:56:04 Saved as file BACKUP1.MAX
Sat May 28 19:06:04 Saved as file BACKUP1.MAX
Sat May 28 19:16:05 Saved as file BACKUP1.MAX
Sat May 28 19:26:05 Saved as file BACKUP1.MAX
Sat May 28 19:36:05 Saved as file BACKUP1.MAX
Sat May 28 19:46:06 Saved as file BACKUP1.MAX
Sat May 28 19:56:06 Saved as file BACKUP1.MAX
Sat May 28 20:06:06 Saved as file BACKUP1.MAX
Sat May 28 20:16:07 Saved as file BACKUP1.MAX
Sat May 28 20:26:07 Saved as file BACKUP1.MAX
Sat May 28 20:36:08 Saved as file BACKUP1.MAX
Sat May 28 20:46:08 Saved as file BACKUP1.MAX
Sat May 28 20:56:08 Saved as file BACKUP1.MAX
Sat May 28 21:06:09 Saved as file BACKUP1.MAX
Sat May 28 21:16:09 Saved as file BACKUP1.MAX
Sat May 28 21:26:09 Saved as file BACKUP1.MAX
Sat May 28 21:36:10 Saved as file BACKUP1.MAX
Sat May 28 21:46:10 Saved as file BACKUP1.MAX
Sat May 28 21:56:11 Saved as file BACKUP1.MAX
Sat May 28 22:06:11 Saved as file BACKUP1.MAX
Sat May 28 22:16:11 Saved as file BACKUP1.MAX
Sat May 28 22:26:12 Saved as file BACKUP1.MAX
Sat May 28 22:36:12 Saved as file BACKUP1.MAX
Sat May 28 22:46:12 Saved as file BACKUP1.MAX
Sat May 28 22:56:13 Saved as file BACKUP1.MAX
Sat May 28 23:06:13 Saved as file BACKUP1.MAX
Sat May 28 23:16:14 Saved as file BACKUP1.MAX
Sat May 28 23:26:14 Saved as file BACKUP1.MAX
Sat May 28 23:36:14 Saved as file BACKUP1.MAX
Sat May 28 23:46:15 Saved as file BACKUP1.MAX
Sat May 28 23:56:15 Saved as file BACKUP1.MAX
Sun May 29 00:06:15 Saved as file BACKUP1.MAX
Sun May 29 00:16:16 Saved as file BACKUP1.MAX
Sun May 29 00:26:16 Saved as file BACKUP1.MAX
Sun May 29 00:36:17 Saved as file BACKUP1.MAX
Sun May 29 00:46:17 Saved as file BACKUP1.MAX
Sun May 29 00:56:17 Saved as file BACKUP1.MAX
Sun May 29 01:06:18 Saved as file BACKUP1.MAX
Sun May 29 01:16:18 Saved as file BACKUP1.MAX
Sun May 29 01:26:18 Saved as file BACKUP1.MAX
Sun May 29 01:36:19 Saved as file BACKUP1.MAX
Sun May 29 01:46:19 Saved as file BACKUP1.MAX
Sun May 29 01:56:20 Saved as file BACKUP1.MAX
Sun May 29 02:06:20 Saved as file BACKUP1.MAX
Sun May 29 02:16:20 Saved as file BACKUP1.MAX
Sun May 29 02:26:21 Saved as file BACKUP1.MAX
Sun May 29 02:36:21 Saved as file BACKUP1.MAX
Sun May 29 02:46:21 Saved as file BACKUP1.MAX
Sun May 29 02:56:22 Saved as file BACKUP1.MAX
Sun May 29 03:06:22 Saved as file BACKUP1.MAX
Sun May 29 03:16:23 Saved as file BACKUP1.MAX
Sun May 29 03:26:23 Saved as file BACKUP1.MAX
Sun May 29 03:36:23 Saved as file BACKUP1.MAX
Sun May 29 03:46:24 Saved as file BACKUP1.MAX
Sun May 29 03:56:24 Saved as file BACKUP1.MAX
Sun May 29 04:06:25 Saved as file BACKUP1.MAX
Sun May 29 04:16:25 Saved as file BACKUP1.MAX
Sun May 29 04:26:25 Saved as file BACKUP1.MAX
Sun May 29 04:36:26 Saved as file BACKUP1.MAX
Sun May 29 04:46:26 Saved as file BACKUP1.MAX
Sun May 29 04:56:26 Saved as file BACKUP1.MAX
Sun May 29 05:06:27 Saved as file BACKUP1.MAX
Sun May 29 05:16:27 Saved as file BACKUP1.MAX
Sun May 29 05:26:27 Saved as file BACKUP1.MAX
Sun May 29 05:36:28 Saved as file BACKUP1.MAX
Sun May 29 05:46:28 Saved as file BACKUP1.MAX
Sun May 29 05:56:29 Saved as file BACKUP1.MAX
Sun May 29 06:06:29 Saved as file BACKUP1.MAX
Sun May 29 06:16:29 Saved as file BACKUP1.MAX
Sun May 29 06:26:30 Saved as file BACKUP1.MAX
Sun May 29 06:36:30 Saved as file BACKUP1.MAX
Sun May 29 06:46:30 Saved as file BACKUP1.MAX
Sun May 29 06:56:31 Saved as file BACKUP1.MAX
Sun May 29 07:06:31 Saved as file BACKUP1.MAX
Sun May 29 07:16:32 Saved as file BACKUP1.MAX
Sun May 29 07:26:32 Saved as file BACKUP1.MAX
Sun May 29 07:36:32 Saved as file BACKUP1.MAX
Sun May 29 07:46:33 Saved as file BACKUP1.MAX
Sun May 29 07:56:33 Saved as file BACKUP1.MAX
Sun May 29 08:06:33 Saved as file BACKUP1.MAX
Sun May 29 08:16:34 Saved as file BACKUP1.MAX
Sun May 29 08:26:34 Saved as file BACKUP1.MAX
Sun May 29 08:36:35 Saved as file BACKUP1.MAX
Sun May 29 08:46:35 Saved as file BACKUP1.MAX
Sun May 29 08:56:35 Saved as file BACKUP1.MAX
Sun May 29 09:06:36 Saved as file BACKUP1.MAX
Sun May 29 09:16:36 Saved as file BACKUP1.MAX
Sun May 29 09:26:37 Saved as file BACKUP1.MAX
Sun May 29 09:36:37 Saved as file BACKUP1.MAX
Sun May 29 09:46:37 Saved as file BACKUP1.MAX
Sun May 29 09:56:38 Saved as file BACKUP1.MAX
Sun May 29 10:06:38 Saved as file BACKUP1.MAX
Sun May 29 10:16:38 Saved as file BACKUP1.MAX
Sun May 29 10:26:39 Saved as file BACKUP1.MAX
Sun May 29 10:36:39 Saved as file BACKUP1.MAX
Sun May 29 10:46:40 Saved as file BACKUP1.MAX
Sun May 29 10:56:40 Saved as file BACKUP1.MAX
Sun May 29 11:06:40 Saved as file BACKUP1.MAX
Sun May 29 11:16:41 Saved as file BACKUP1.MAX
Sun May 29 11:26:41 Saved as file BACKUP1.MAX
Sun May 29 11:36:41 Saved as file BACKUP1.MAX
Sun May 29 11:46:42 Saved as file BACKUP1.MAX
Sun May 29 11:56:42 Saved as file BACKUP1.MAX
Sun May 29 12:06:43 Saved as file BACKUP1.MAX
Sun May 29 12:16:43 Saved as file BACKUP1.MAX
Sun May 29 12:26:43 Saved as file BACKUP1.MAX
Sun May 29 12:36:44 Saved as file BACKUP1.MAX
Sun May 29 12:46:44 Saved as file BACKUP1.MAX
Sun May 29 12:56:44 Saved as file BACKUP1.MAX
Sun May 29 13:06:45 Saved as file BACKUP1.MAX
Sun May 29 13:16:45 Saved as file BACKUP1.MAX
Sun May 29 13:26:46 Saved as file BACKUP1.MAX
Sun May 29 13:36:46 Saved as file BACKUP1.MAX
Sun May 29 13:46:46 Saved as file BACKUP1.MAX
Sun May 29 13:56:47 Saved as file BACKUP1.MAX
Sun May 29 14:06:47 Saved as file BACKUP1.MAX
Sun May 29 14:16:48 Saved as file BACKUP1.MAX
Sun May 29 14:26:48 Saved as file BACKUP1.MAX
Sun May 29 14:36:48 Saved as file BACKUP1.MAX
Sun May 29 14:46:49 Saved as file BACKUP1.MAX
Sun May 29 14:56:49 Saved as file BACKUP1.MAX
Sun May 29 15:06:49 Saved as file BACKUP1.MAX
Sun May 29 15:16:50 Saved as file BACKUP1.MAX
Sun May 29 15:26:50 Saved as file BACKUP1.MAX
Sun May 29 15:36:51 Saved as file BACKUP1.MAX
Sun May 29 15:46:51 Saved as file BACKUP1.MAX
Sun May 29 15:56:51 Saved as file BACKUP1.MAX
Sun May 29 16:06:52 Saved as file BACKUP1.MAX
Sun May 29 16:16:52 Saved as file BACKUP1.MAX
Sun May 29 16:26:52 Saved as file BACKUP1.MAX
Sun May 29 16:36:53 Saved as file BACKUP1.MAX
Sun May 29 16:46:53 Saved as file BACKUP1.MAX
Sun May 29 16:56:54 Saved as file BACKUP1.MAX
Sun May 29 17:06:54 Saved as file BACKUP1.MAX
Sun May 29 17:16:54 Saved as file BACKUP1.MAX
Sun May 29 17:26:55 Saved as file BACKUP1.MAX
Sun May 29 17:36:55 Saved as file BACKUP1.MAX
Sun May 29 17:46:56 Saved as file BACKUP1.MAX
Sun May 29 17:56:56 Saved as file BACKUP1.MAX
Sun May 29 18:06:56 Saved as file BACKUP1.MAX
Sun May 29 18:16:57 Saved as file BACKUP1.MAX
Sun May 29 18:26:57 Saved as file BACKUP1.MAX
Sun May 29 18:36:57 Saved as file BACKUP1.MAX
Sun May 29 18:46:58 Saved as file BACKUP1.MAX
Sun May 29 18:56:58 Saved as file BACKUP1.MAX
Sun May 29 19:06:59 Saved as file BACKUP1.MAX
Sun May 29 19:16:59 Saved as file BACKUP1.MAX
Sun May 29 19:26:59 Saved as file BACKUP1.MAX
Sun May 29 19:37:00 Saved as file BACKUP1.MAX
Sun May 29 19:47:00 Saved as file BACKUP1.MAX
Sun May 29 19:57:00 Saved as file BACKUP1.MAX
Sun May 29 20:07:01 Saved as file BACKUP1.MAX
Sun May 29 20:17:01 Saved as file BACKUP1.MAX
Sun May 29 20:27:02 Saved as file BACKUP1.MAX
Sun May 29 20:37:02 Saved as file BACKUP1.MAX
Sun May 29 20:47:02 Saved as file BACKUP1.MAX
Sun May 29 20:57:03 Saved as file BACKUP1.MAX
Sun May 29 21:07:03 Saved as file BACKUP1.MAX
Sun May 29 21:17:03 Saved as file BACKUP1.MAX
Sun May 29 21:27:04 Saved as file BACKUP1.MAX
Sun May 29 21:37:04 Saved as file BACKUP1.MAX
Sun May 29 21:47:05 Saved as file BACKUP1.MAX
Sun May 29 21:57:05 Saved as file BACKUP1.MAX
Sun May 29 22:07:05 Saved as file BACKUP1.MAX
Sun May 29 22:17:06 Saved as file BACKUP1.MAX
Sun May 29 22:27:06 Saved as file BACKUP1.MAX
Sun May 29 22:37:06 Saved as file BACKUP1.MAX
Sun May 29 22:47:07 Saved as file BACKUP1.MAX
Sun May 29 22:57:07 Saved as file BACKUP1.MAX
Sun May 29 23:07:08 Saved as file BACKUP1.MAX
Sun May 29 23:17:08 Saved as file BACKUP1.MAX
Sun May 29 23:27:08 Saved as file BACKUP1.MAX
Sun May 29 23:37:09 Saved as file BACKUP1.MAX
Sun May 29 23:47:09 Saved as file BACKUP1.MAX
Sun May 29 23:57:09 Saved as file BACKUP1.MAX
Mon May 30 00:07:10 Saved as file BACKUP1.MAX
Mon May 30 00:17:10 Saved as file BACKUP1.MAX
Mon May 30 00:27:11 Saved as file BACKUP1.MAX
Mon May 30 00:37:11 Saved as file BACKUP1.MAX
Mon May 30 00:47:11 Saved as file BACKUP1.MAX
Mon May 30 00:57:12 Saved as file BACKUP1.MAX
Mon May 30 01:07:12 Saved as file BACKUP1.MAX
Mon May 30 01:17:12 Saved as file BACKUP1.MAX
Mon May 30 01:27:13 Saved as file BACKUP1.MAX
Mon May 30 01:37:13 Saved as file BACKUP1.MAX
Mon May 30 01:47:14 Saved as file BACKUP1.MAX
Mon May 30 01:57:14 Saved as file BACKUP1.MAX
Mon May 30 02:07:14 Saved as file BACKUP1.MAX
Mon May 30 02:17:15 Saved as file BACKUP1.MAX
Mon May 30 02:27:15 Saved as file BACKUP1.MAX
Mon May 30 02:37:16 Saved as file BACKUP1.MAX
Mon May 30 02:47:16 Saved as file BACKUP1.MAX
Mon May 30 02:57:16 Saved as file BACKUP1.MAX
Mon May 30 03:07:17 Saved as file BACKUP1.MAX
Mon May 30 03:17:17 Saved as file BACKUP1.MAX
Mon May 30 03:27:17 Saved as file BACKUP1.MAX
Mon May 30 03:37:18 Saved as file BACKUP1.MAX
Mon May 30 03:47:18 Saved as file BACKUP1.MAX
Mon May 30 03:57:19 Saved as file BACKUP1.MAX
Mon May 30 04:07:19 Saved as file BACKUP1.MAX
Mon May 30 04:17:19 Saved as file BACKUP1.MAX
Mon May 30 04:27:20 Saved as file BACKUP1.MAX
Mon May 30 04:37:20 Saved as file BACKUP1.MAX
Mon May 30 04:47:20 Saved as file BACKUP1.MAX
Mon May 30 04:57:21 Saved as file BACKUP1.MAX
Mon May 30 05:07:21 Saved as file BACKUP1.MAX
Mon May 30 05:17:22 Saved as file BACKUP1.MAX
Mon May 30 05:27:22 Saved as file BACKUP1.MAX
Mon May 30 05:37:22 Saved as file BACKUP1.MAX
Mon May 30 05:47:23 Saved as file BACKUP1.MAX
Mon May 30 05:57:23 Saved as file BACKUP1.MAX
Mon May 30 06:07:23 Saved as file BACKUP1.MAX
Mon May 30 06:17:24 Saved as file BACKUP1.MAX
Mon May 30 06:27:24 Saved as file BACKUP1.MAX
Mon May 30 06:37:25 Saved as file BACKUP1.MAX
Mon May 30 06:47:25 Saved as file BACKUP1.MAX
Mon May 30 06:57:25 Saved as file BACKUP1.MAX
Mon May 30 07:07:26 Saved as file BACKUP1.MAX
Mon May 30 07:17:26 Saved as file BACKUP1.MAX
Mon May 30 07:27:26 Saved as file BACKUP1.MAX
Mon May 30 07:37:27 Saved as file BACKUP1.MAX
Mon May 30 07:47:27 Saved as file BACKUP1.MAX
Mon May 30 07:57:28 Saved as file BACKUP1.MAX
Mon May 30 08:07:28 Saved as file BACKUP1.MAX
Mon May 30 08:17:28 Saved as file BACKUP1.MAX
Mon May 30 08:27:29 Saved as file BACKUP1.MAX
Mon May 30 08:37:29 Saved as file BACKUP1.MAX
Mon May 30 08:47:30 Saved as file BACKUP1.MAX
Mon May 30 08:57:30 Saved as file BACKUP1.MAX
Mon May 30 09:07:30 Saved as file BACKUP1.MAX
Mon May 30 09:17:31 Saved as file BACKUP1.MAX
Mon May 30 09:27:31 Saved as file BACKUP1.MAX
Mon May 30 09:37:31 Saved as file BACKUP1.MAX
Mon May 30 09:47:32 Saved as file BACKUP1.MAX
Mon May 30 09:57:32 Saved as file BACKUP1.MAX
Mon May 30 10:07:33 Saved as file BACKUP1.MAX
Mon May 30 10:17:33 Saved as file BACKUP1.MAX
Mon May 30 10:27:33 Saved as file BACKUP1.MAX
Mon May 30 10:37:34 Saved as file BACKUP1.MAX
Mon May 30 10:47:34 Saved as file BACKUP1.MAX
Mon May 30 10:57:34 Saved as file BACKUP1.MAX
Mon Sep 05 22:11:34 Saved as file BACKUP1.MAX
Mon Sep 05 22:21:34 Saved as file BACKUP1.MAX
Mon Sep 05 22:31:35 Saved as file BACKUP1.MAX
Mon Sep 05 22:36:08 Loaded file C:\Cadence\SPB_16.2\tools\Layout_Plus\data\template.imp
Mon Sep 05 22:36:08 Loaded file C:\Cadence\SPB_16.2\tools\Layout_Plus\data\template.imp
Mon Sep 05 22:36:08 Loaded file C:\Cadence\SPB_16.2\tools\Layout_Plus\data\template.imp
Mon Sep 05 22:36:08 Loaded file C:\Cadence\SPB_16.2\tools\Layout_Plus\data\template.imp
Mon Sep 05 22:36:12 Loaded file C:\TEMP\2713706.MAX
Mon Sep 05 22:36:13 Loaded file C:\ORCAD_LIB\_SIM_LLB\STIFF.LLB
Mon Sep 05 22:36:13 Loaded file C:\ORCAD_LIB\_SIM_LLB\STEND.LLB
Mon Sep 05 22:36:14 Loaded file C:\ORCAD_LIB\_SIM_LLB\SOJ.LLB
Mon Sep 05 22:36:19 Loaded file C:\Cadence\SPB_16.2\tools\Layout_Plus\data\template.imp
Mon Sep 05 22:36:19 Loaded file C:\Cadence\SPB_16.2\tools\Layout_Plus\data\template.imp
Mon Sep 05 22:36:20 Loaded file C:\Cadence\SPB_16.2\tools\Layout_Plus\data\template.imp
Mon Sep 05 22:36:20 Loaded file C:\Cadence\SPB_16.2\tools\Layout_Plus\data\template.imp
Mon Sep 05 22:36:20 Loaded file C:\ORCAD_LIB\FOOTPRINT\ESP_TH_IND.LLB
Mon Sep 05 22:36:21 Loaded file C:\ORCAD_LIB\_SIM_LLB\STIFF.LLB
Mon Sep 05 22:36:21 Loaded file C:\ORCAD_LIB\_SIM_LLB\STEND.LLB
Mon Sep 05 22:36:21 Loaded file C:\ORCAD_LIB\_SIM_LLB\SOJ.LLB
Mon Sep 05 22:36:22 Loaded file C:\ORCAD_LIB\_SIM_LLB\SOG.LLB
Mon Sep 05 22:36:22 Loaded file C:\ORCAD_LIB\_SIM_LLB\SOJ.LLB
Mon Sep 05 22:36:25 Loaded file C:\Cadence\SPB_16.2\tools\Layout_Plus\data\template.imp
Mon Sep 05 22:36:54 Loaded file C:\Cadence\SPB_16.2\tools\Layout_Plus\data\template.imp
Mon Sep 05 22:36:59 Loaded file C:\Cadence\SPB_16.2\tools\Layout_Plus\data\template.imp
Mon Sep 05 22:37:01 Loaded file C:\Cadence\SPB_16.2\tools\Layout_Plus\data\template.imp
Mon Sep 05 22:37:01 Loaded file C:\Cadence\SPB_16.2\tools\Layout_Plus\data\template.imp
Mon Sep 05 22:37:02 Loaded file C:\Cadence\SPB_16.2\tools\Layout_Plus\data\template.imp
Mon Sep 05 22:37:04 Loaded file C:\Cadence\SPB_16.2\tools\Layout_Plus\data\template.imp
Mon Sep 05 22:37:04 Loaded file C:\Cadence\SPB_16.2\tools\Layout_Plus\data\template.imp
Mon Sep 05 22:40:56 Loaded file C:\Cadence\SPB_16.2\tools\Layout_Plus\data\template.imp
Mon Sep 05 22:41:42 Loaded file C:\Cadence\SPB_16.2\tools\Layout_Plus\data\template.imp
Mon Sep 05 22:42:37 Loaded file C:\Cadence\SPB_16.2\tools\Layout_Plus\data\template.imp
Mon Sep 05 22:42:50 Loaded file C:\Cadence\SPB_16.2\tools\Layout_Plus\data\template.imp
Mon Sep 05 22:44:51 Loaded file C:\Cadence\SPB_16.2\tools\Layout_Plus\data\template.imp
Mon Sep 05 22:47:07 Loaded file C:\ORCAD_LIB\FOOTPRINT\BARCODE.LLB
Mon Sep 05 22:47:07 Loaded file C:\ORCAD_LIB\FOOTPRINT\ESP_TH_IND.LLB
Mon Sep 05 22:47:07 Loaded file C:\ORCAD_LIB\FOOTPRINT\ESP_SM_IND.LLB
Mon Sep 05 22:47:07 Loaded file C:\DOLGUNOV\USPD\UM-40\HW\BRANCHES\ME_MAX_FORM_FACTOR\2713706_PLATA_2000_6.MAX
Mon Sep 05 22:47:07 Loaded file C:\DOLGUNOV\USPD\UM-40\HW\BRANCHES\ME_MAX_FORM_FACTOR\2713706_PLATA_2000_4.MAX
Mon Sep 05 22:47:07 Loaded file C:\DOLGUNOV\USPD\UM-40\HW\BRANCHES\ME_MAX_FORM_FACTOR\2713706_PLATA_2000.MAX
Mon Sep 05 22:47:07 Loaded file C:\DOLGUNOV\USPD\UM-40\HW\BRANCHES\ME_MAX_FORM_FACTOR\2713706_PLATA.MAX
Mon Sep 05 22:47:07 Loaded file C:\TEMP\2713706_2000.MAX
Mon Sep 05 22:47:07 Loaded file C:\TEMP\2713706.MAX
Mon Sep 05 22:47:07 Loaded file C:\DOLGUNOV\USPD\UM-31\HW\BRANCHES\ME_MAX_FORM_FACTOR\2713706.MAX
Mon Sep 05 22:47:07 Loaded file C:\DOLGUNOV\ARM\UM-30NEO\HW\BRANCH\MODEM_MODULE\UM-30_NEO.MAX
Mon Sep 05 22:47:07 Loaded file C:\DOLGUNOV\USPD\UM-40\HW\TRUNK\LAY_UM-40.MAX
Mon Sep 05 22:47:07 Loaded file C:\DOLGUNOV\AKB_FOR_UM-XX\HW\TRANK\AKB_UM_COMP.MAX
Mon Sep 05 22:47:07 Loaded file C:\DOLGUNOV\ARM\UM-30_NEO\UM-30_NEO_V6\UM-30_NEO_V6_PLATA.MAX
Mon Sep 05 22:47:07 Loaded file C:\DOLGUNOV\UMTV-10CHECK\PCB\TRUNK\UMTV-10_CHECK_PROBES.MAX
Mon Sep 05 22:47:07 Loaded file C:\DOLGUNOV\UMTV-10\HW\BRANCH\V10\UMTV-10_COMP.MAX
Mon Sep 05 22:47:07 Loaded file C:\DOLGUNOV\UMTV-10\HW\BRANCH\V9\UMTV-10_2_PLATA.MAX
Mon Sep 05 22:47:07 Loaded file C:\DOLGUNOV\UMTV-10\HW\BRANCH\V8\UMTV-10_V8.MAX
Mon Sep 05 22:47:07 Loaded file C:\DOLGUNOV\UM_MMGP\HW\TRUNK\MODEM.MAX
Mon Sep 05 22:47:07 Loaded file C:\DOLGUNOV\AKB_FOR_UM-XX\HW\TRANK\AKB_UM.MAX
Mon Sep 05 22:47:07 Loaded file C:\DOLGUNOV\UM-30\UM-30_V10\LAY_UM-30_V10.MAX
Mon Sep 05 22:47:07 Loaded file C:\DOLGUNOV\UM-30_3CHECK\PCB\TRUNK\UM-30_CHECK_PROBES.MAX
Mon Sep 05 22:47:07 Loaded file C:\ORCAD_LIB\9368140\FOOTPRINT\ESP_BATTERY.LLB
Mon Sep 05 22:47:07 Loaded file C:\ORCAD_LIB\9368140\FOOTPRINT\ESP_CONN.LLB
Mon Sep 05 22:47:07 Loaded file C:\ORCAD_LIB\9368140\FOOTPRINT\ESP_FUSE.LLB
Mon Sep 05 22:47:07 Loaded file C:\ORCAD_LIB\9368140\FOOTPRINT\ESP_HARDWARE.LLB
Mon Sep 05 22:47:07 Loaded file C:\ORCAD_LIB\9368140\FOOTPRINT\ESP_MODULE.LLB
Mon Sep 05 22:47:07 Loaded file C:\ORCAD_LIB\9368140\FOOTPRINT\ESP_PRTDEV.LLB
Mon Sep 05 22:47:07 Loaded file C:\ORCAD_LIB\9368140\FOOTPRINT\ESP_RELAY.LLB
Mon Sep 05 22:47:07 Loaded file C:\ORCAD_LIB\9368140\FOOTPRINT\ESP_SM_DIODE.LLB
Mon Sep 05 22:47:07 Loaded file C:\ORCAD_LIB\9368140\FOOTPRINT\ESP_SM_IND.LLB
Mon Sep 05 22:47:07 Loaded file C:\ORCAD_LIB\9368140\FOOTPRINT\ESP_SM_RES.LLB
Mon Sep 05 22:47:07 Loaded file C:\ORCAD_LIB\9368140\FOOTPRINT\ESP_SM_SWX.LLB
Mon Sep 05 22:47:07 Loaded file C:\ORCAD_LIB\9368140\FOOTPRINT\ESP_SM_XFMR.LLB
Mon Sep 05 22:47:07 Loaded file C:\ORCAD_LIB\9368140\FOOTPRINT\ESP_SM_XISTR.LLB
Mon Sep 05 22:47:07 Loaded file C:\ORCAD_LIB\9368140\FOOTPRINT\ESP_SM_XTAL.LLB
Mon Sep 05 22:47:07 Loaded file C:\ORCAD_LIB\9368140\FOOTPRINT\ESP_SOCKETS.LLB
Mon Sep 05 22:47:07 Loaded file C:\ORCAD_LIB\9368140\FOOTPRINT\ESP_TH_CAP.LLB
Mon Sep 05 22:47:07 Loaded file C:\ORCAD_LIB\9368140\FOOTPRINT\ESP_TH_DIODE.LLB
Mon Sep 05 22:47:07 Loaded file C:\ORCAD_LIB\9368140\FOOTPRINT\ESP_TH_IC.LLB
Mon Sep 05 22:47:07 Loaded file C:\ORCAD_LIB\9368140\FOOTPRINT\ESP_TH_IND.LLB
Mon Sep 05 22:47:07 Loaded file C:\ORCAD_LIB\9368140\FOOTPRINT\ESP_TH_RES1.LLB
Mon Sep 05 22:47:07 Loaded file C:\ORCAD_LIB\9368140\FOOTPRINT\ESP_TH_SWX.LLB
Mon Sep 05 22:47:07 Loaded file C:\ORCAD_LIB\9368140\FOOTPRINT\ESP_TH_XFMR.LLB
Mon Sep 05 22:47:07 Loaded file C:\ORCAD_LIB\9368140\FOOTPRINT\ESP_TH_XISTR.LLB
Mon Sep 05 22:47:07 Loaded file C:\ORCAD_LIB\9368140\FOOTPRINT\ESP_SM_IC.LLB
Mon Sep 05 22:47:07 Loaded file C:\ORCAD_LIB\9368140\FOOTPRINT\ESP_TH_XTAL.LLB
Mon Sep 05 22:47:07 Loaded file C:\ORCAD_LIB\9368140\FOOTPRINT\ESP_SM_CAP.LLB
Mon Sep 05 22:47:08 Loaded file C:\ORCAD_LIB\FOOTPRINT\ESP_CONN.LLB
Mon Sep 05 22:47:08 Loaded file C:\DOLGUNOV\AKB_FOR_UM-XX\STEND\LAY_STAND_AKB_UM-XX.MAX
Mon Sep 05 22:47:08 Loaded file C:\ORCAD_LIB\_SIM_LLB\ZIGZAG.LLB
Mon Sep 05 22:47:08 Loaded file C:\ORCAD_LIB\_SIM_LLB\XT.LLB
Mon Sep 05 22:47:08 Loaded file C:\ORCAD_LIB\_SIM_LLB\WCON100T.LLB
Mon Sep 05 22:47:08 Loaded file C:\ORCAD_LIB\_SIM_LLB\VRES.LLB
Mon Sep 05 22:47:08 Loaded file C:\ORCAD_LIB\_SIM_LLB\TRANZISTOR.LLB
Mon Sep 05 22:47:08 Loaded file C:\ORCAD_LIB\_SIM_LLB\TRANSFORM_INDUCTOR.LLB
Mon Sep 05 22:47:08 Loaded file C:\ORCAD_LIB\_SIM_LLB\TQFP.LLB
Mon Sep 05 22:47:08 Loaded file C:\ORCAD_LIB\_SIM_LLB\TO.LLB
Mon Sep 05 22:47:08 Loaded file C:\ORCAD_LIB\_SIM_LLB\TM_RAD.LLB
Mon Sep 05 22:47:08 Loaded file C:\ORCAD_LIB\_SIM_LLB\TM_DISC.LLB
Mon Sep 05 22:47:08 Loaded file C:\ORCAD_LIB\_SIM_LLB\TM_DIODE.LLB
Mon Sep 05 22:47:08 Loaded file C:\ORCAD_LIB\_SIM_LLB\TM_CYLND.LLB
Mon Sep 05 22:47:08 Loaded file C:\ORCAD_LIB\_SIM_LLB\TM_CAP_P.LLB
Mon Sep 05 22:47:08 Loaded file C:\ORCAD_LIB\_SIM_LLB\TM_AXIAL.LLB
Mon Sep 05 22:47:08 Loaded file C:\ORCAD_LIB\_SIM_LLB\TELE.LLB
Mon Sep 05 22:47:08 Loaded file C:\ORCAD_LIB\_SIM_LLB\STIFF.LLB
Mon Sep 05 22:47:08 Loaded file C:\ORCAD_LIB\_SIM_LLB\STEND.LLB
Mon Sep 05 22:47:08 Loaded file C:\ORCAD_LIB\_SIM_LLB\SOJ.LLB
Mon Sep 05 22:47:29 Loaded file C:\Cadence\SPB_16.2\tools\Layout_Plus\data\template.imp
Mon Sep 05 22:47:29 Loaded file C:\Cadence\SPB_16.2\tools\Layout_Plus\data\template.imp
Mon Sep 05 22:47:29 Loaded file C:\Cadence\SPB_16.2\tools\Layout_Plus\data\template.imp
Mon Sep 05 22:47:29 Loaded file C:\Cadence\SPB_16.2\tools\Layout_Plus\data\template.imp
Mon Sep 05 22:47:30 Loaded file C:\ORCAD_LIB\FOOTPRINT\ESP_TH_IND.LLB
Mon Sep 05 22:47:32 Loaded file C:\ORCAD_LIB\_SIM_LLB\STIFF.LLB
Mon Sep 05 22:47:33 Loaded file C:\ORCAD_LIB\_SIM_LLB\OTDEL13.LLB
Mon Sep 05 22:47:34 Loaded file C:\Cadence\SPB_16.2\tools\Layout_Plus\library\SBUS.llb
Mon Sep 05 22:47:35 Loaded file C:\Cadence\SPB_16.2\tools\Layout_Plus\library\SIMM050F.llb
Mon Sep 05 22:47:35 Loaded file C:\Cadence\SPB_16.2\tools\Layout_Plus\library\SIMM050T.llb
Mon Sep 05 22:47:35 Loaded file C:\Cadence\SPB_16.2\tools\Layout_Plus\library\SIMM100F.llb
Mon Sep 05 22:47:35 Loaded file C:\Cadence\SPB_16.2\tools\Layout_Plus\library\SIMM100T.llb
Mon Sep 05 22:47:36 Loaded file C:\Cadence\SPB_16.2\tools\Layout_Plus\library\SIP.llb
Mon Sep 05 22:47:36 Loaded file C:\Cadence\SPB_16.2\tools\Layout_Plus\library\SM.llb
Mon Sep 05 22:47:36 Loaded file C:\Cadence\SPB_16.2\tools\Layout_Plus\library\SOG.llb
Mon Sep 05 22:47:37 Loaded file C:\Cadence\SPB_16.2\tools\Layout_Plus\library\SOJ.llb
Mon Sep 05 22:47:42 Loaded file C:\Cadence\SPB_16.2\tools\Layout_Plus\data\template.imp
Mon Sep 05 22:48:08 Loaded file C:\Cadence\SPB_16.2\tools\Layout_Plus\data\template.imp
Mon Sep 05 22:48:28 Saved as file ~undo.max
Mon Sep 05 22:48:46 Saved as file ~undo.max
Mon Sep 05 22:49:02 Saved as file ~undo.max
Mon Sep 05 22:49:04 Saved as file ~undo.max
Mon Sep 05 22:49:12 Saved as file ~undo.max
Mon Sep 05 22:49:30 Saved as file ~undo.max
Mon Sep 05 22:50:06 Saved as file ~undo.max
Mon Sep 05 22:50:15 Saved as file ~undo.max
Mon Sep 05 22:50:45 Saved as file ~undo.max
Mon Sep 05 22:50:48 Saved as file ~undo.max
Mon Sep 05 22:50:51 Saved as file ~undo.max
Mon Sep 05 22:50:53 Saved as file ~undo.max
Mon Sep 05 22:51:02 Saved as file ~undo.max
Mon Sep 05 22:51:03 Saved as file ~undo.max
Mon Sep 05 22:51:46 Saved as file ~undo.max
Mon Sep 05 22:51:47 Saved as file ~undo.max
Mon Sep 05 22:52:06 Saved as file ~undo.max
Mon Sep 05 22:52:28 Saved as file ~undo.max
Mon Sep 05 22:54:06 Saved as file BACKUP1.MAX
Mon Sep 05 23:04:06 Saved as file BACKUP1.MAX
Mon Sep 05 23:14:06 Saved as file BACKUP1.MAX
Mon Sep 05 23:24:07 Saved as file BACKUP1.MAX
Mon Sep 05 23:34:07 Saved as file BACKUP1.MAX
Mon Sep 05 23:44:08 Saved as file BACKUP1.MAX
Mon Sep 05 23:54:08 Saved as file BACKUP1.MAX
Tue Sep 06 00:04:08 Saved as file BACKUP1.MAX
Tue Sep 06 00:14:09 Saved as file BACKUP1.MAX
Tue Sep 06 00:24:09 Saved as file BACKUP1.MAX
Tue Sep 06 00:34:09 Saved as file BACKUP1.MAX
Tue Sep 06 00:44:10 Saved as file BACKUP1.MAX
Tue Sep 06 00:54:10 Saved as file BACKUP1.MAX
Tue Sep 06 01:04:11 Saved as file BACKUP1.MAX
Tue Sep 06 01:14:11 Saved as file BACKUP1.MAX
Tue Sep 06 01:24:11 Saved as file BACKUP1.MAX
Tue Sep 06 01:34:12 Saved as file BACKUP1.MAX
Tue Sep 06 01:44:12 Saved as file BACKUP1.MAX
Tue Sep 06 01:54:12 Saved as file BACKUP1.MAX
Tue Sep 06 02:04:13 Saved as file BACKUP1.MAX
Tue Sep 06 02:14:13 Saved as file BACKUP1.MAX
Tue Sep 06 02:24:14 Saved as file BACKUP1.MAX
Tue Sep 06 02:34:14 Saved as file BACKUP1.MAX
Tue Sep 06 02:44:14 Saved as file BACKUP1.MAX
Tue Sep 06 02:54:15 Saved as file BACKUP1.MAX
Tue Sep 06 03:04:15 Saved as file BACKUP1.MAX
Tue Sep 06 03:14:15 Saved as file BACKUP1.MAX
Tue Sep 06 03:24:16 Saved as file BACKUP1.MAX
Tue Sep 06 03:34:16 Saved as file BACKUP1.MAX
Tue Sep 06 03:44:17 Saved as file BACKUP1.MAX
Tue Sep 06 03:54:17 Saved as file BACKUP1.MAX
Tue Sep 06 04:04:17 Saved as file BACKUP1.MAX
Tue Sep 06 04:14:18 Saved as file BACKUP1.MAX
Tue Sep 06 04:24:18 Saved as file BACKUP1.MAX
Tue Sep 06 04:34:18 Saved as file BACKUP1.MAX
Tue Sep 06 04:44:19 Saved as file BACKUP1.MAX
Tue Sep 06 04:54:19 Saved as file BACKUP1.MAX
Tue Sep 06 05:04:20 Saved as file BACKUP1.MAX
Tue Sep 06 05:14:20 Saved as file BACKUP1.MAX
Tue Sep 06 05:24:20 Saved as file BACKUP1.MAX
Tue Sep 06 05:34:21 Saved as file BACKUP1.MAX
Tue Sep 06 05:44:21 Saved as file BACKUP1.MAX
Tue Sep 06 05:54:22 Saved as file BACKUP1.MAX
Tue Sep 06 06:04:22 Saved as file BACKUP1.MAX
Tue Sep 06 06:14:22 Saved as file BACKUP1.MAX
Tue Sep 06 06:24:23 Saved as file BACKUP1.MAX
Tue Sep 06 06:34:23 Saved as file BACKUP1.MAX
Tue Sep 06 06:44:23 Saved as file BACKUP1.MAX
Tue Sep 06 06:54:24 Saved as file BACKUP1.MAX
Tue Sep 06 07:04:24 Saved as file BACKUP1.MAX
Tue Sep 06 07:14:25 Saved as file BACKUP1.MAX
Tue Sep 06 07:24:25 Saved as file BACKUP1.MAX
Tue Sep 06 07:34:25 Saved as file BACKUP1.MAX
Tue Sep 06 07:44:26 Saved as file BACKUP1.MAX
Tue Sep 06 07:54:26 Saved as file BACKUP1.MAX
Tue Sep 06 08:04:26 Saved as file BACKUP1.MAX
