Post Processor Report
OrCAD FILE: C:\DOLGUNOV\USBTIN\HW\TRUNK\USBTIN.MAX
Fri May 27 17:23:37 2016

*********************************************************

Output file: C:\DOLGUNOV\USBTIN\HW\TRUNK\USBTIN.TOP

Aperture totals for C:\DOLGUNOV\USBTIN\HW\TRUNK\USBTIN.TOP:
---------------------------------------------------------
D10:  0.0320 x 0.0380 RECTANGLE -----      12 Flashes
D11:  0.0380 x 0.0320 RECTANGLE -----      14 Flashes
D12:  0.0250 x 0.0720 OBLONG    -----       7 Flashes
D13:  0.0250 x 0.0720 RECTANGLE -----       1 Flashes
D14:  0.0860 x 0.0240 OBLONG    -----      36 Flashes
D15:  0.0860 x 0.0240 RECTANGLE -----       2 Flashes
D16:  0.0450 x 0.0800 RECTANGLE -----       4 Flashes
D17:  0.0630 ROUND  --       0 Draws,       2 Flashes
D18:  0.0630 SQUARE --       0 Draws,       2 Flashes
D19:  0.0984 ROUND  --       0 Draws,       4 Flashes
D20:  0.0394 ROUND  --       0 Draws,       2 Flashes
D21:  0.1299 x 0.0787 RECTANGLE -----       2 Flashes
D22:  0.0984 x 0.0787 RECTANGLE -----       2 Flashes
D23:  0.1220 x 0.0197 RECTANGLE -----       5 Flashes
D24:  0.0670 ROUND  --       0 Draws,       2 Flashes
D25:  0.0670 SQUARE --       0 Draws,       1 Flashes
D26:  0.0480 ROUND  --       0 Draws,       2 Flashes
D27:  0.0260 ROUND  --       0 Draws,      24 Flashes
D28:  0.0100 ROUND  --    3363 Draws,       0 Flashes
D29:  0.0080 ROUND  --     176 Draws,       0 Flashes
D30:  0.0070 ROUND  --     129 Draws,       0 Flashes
---------------------------------------------------------
 21 D-Codes      -----    3668 Draws,     124 Flashes

*********************************************************

Output file: C:\DOLGUNOV\USBTIN\HW\TRUNK\USBTIN.BOT

Aperture totals for C:\DOLGUNOV\USBTIN\HW\TRUNK\USBTIN.BOT:
---------------------------------------------------------
D17:  0.0630 ROUND  --       0 Draws,       2 Flashes
D18:  0.0630 SQUARE --       0 Draws,       2 Flashes
D19:  0.0984 ROUND  --       0 Draws,       4 Flashes
D20:  0.0394 ROUND  --       0 Draws,       2 Flashes
D24:  0.0670 ROUND  --       0 Draws,       3 Flashes
D26:  0.0480 ROUND  --       0 Draws,       2 Flashes
D27:  0.0260 ROUND  --       0 Draws,      24 Flashes
D28:  0.0100 ROUND  --    1209 Draws,       0 Flashes
D29:  0.0080 ROUND  --      19 Draws,       0 Flashes
---------------------------------------------------------
  9 D-Codes      -----    1228 Draws,      39 Flashes

*********************************************************

Output file: C:\DOLGUNOV\USBTIN\HW\TRUNK\USBTIN.SMT

Aperture totals for C:\DOLGUNOV\USBTIN\HW\TRUNK\USBTIN.SMT:
---------------------------------------------------------
D28:  0.0100 ROUND  --      72 Draws,       0 Flashes
D31:  0.0380 x 0.0440 RECTANGLE -----       3 Flashes
D32:  0.0360 x 0.0440 RECTANGLE -----       9 Flashes
D33:  0.0440 x 0.0380 RECTANGLE -----       4 Flashes
D34:  0.0440 x 0.0360 RECTANGLE -----      10 Flashes
D35:  0.0290 x 0.0760 OBLONG    -----       7 Flashes
D36:  0.0290 x 0.0760 RECTANGLE -----       1 Flashes
D37:  0.0920 x 0.0300 OBLONG    -----      36 Flashes
D38:  0.0920 x 0.0300 RECTANGLE -----       2 Flashes
D39:  0.0513 x 0.0863 RECTANGLE -----       4 Flashes
D40:  0.0680 ROUND  --       0 Draws,       2 Flashes
D41:  0.0680 SQUARE --       0 Draws,       2 Flashes
D42:  0.1134 ROUND  --       0 Draws,       4 Flashes
D43:  0.1338 x 0.0827 RECTANGLE -----       2 Flashes
D44:  0.1023 x 0.0827 RECTANGLE -----       2 Flashes
D45:  0.1260 x 0.0236 RECTANGLE -----       5 Flashes
D46:  0.0720 ROUND  --       0 Draws,       3 Flashes
D47:  0.0530 ROUND  --       0 Draws,       2 Flashes
---------------------------------------------------------
 18 D-Codes      -----      72 Draws,      98 Flashes

*********************************************************

Output file: C:\DOLGUNOV\USBTIN\HW\TRUNK\USBTIN.SMB

Aperture totals for C:\DOLGUNOV\USBTIN\HW\TRUNK\USBTIN.SMB:
---------------------------------------------------------
D40:  0.0680 ROUND  --       0 Draws,       2 Flashes
D41:  0.0680 SQUARE --       0 Draws,       2 Flashes
D42:  0.1134 ROUND  --       0 Draws,       4 Flashes
D46:  0.0720 ROUND  --       0 Draws,       3 Flashes
D47:  0.0530 ROUND  --       0 Draws,       2 Flashes
---------------------------------------------------------
  5 D-Codes      -----       0 Draws,      13 Flashes

*********************************************************

Output file: C:\DOLGUNOV\USBTIN\HW\TRUNK\USBTIN.SST

Aperture totals for C:\DOLGUNOV\USBTIN\HW\TRUNK\USBTIN.SST:
---------------------------------------------------------
D28:  0.0100 ROUND  --     113 Draws,       0 Flashes
D29:  0.0080 ROUND  --      18 Draws,       0 Flashes
D30:  0.0070 ROUND  --     318 Draws,       0 Flashes
D43:  0.1338 x 0.0827 RECTANGLE -----       2 Flashes
D48:  0.0098 ROUND  --      16 Draws,       0 Flashes
---------------------------------------------------------
  5 D-Codes      -----     465 Draws,       2 Flashes

*********************************************************

Output file: C:\DOLGUNOV\USBTIN\HW\TRUNK\USBTIN.SSB

Aperture totals for C:\DOLGUNOV\USBTIN\HW\TRUNK\USBTIN.SSB:
---------------------------------------------------------
D28:  0.0100 ROUND  --       8 Draws,       0 Flashes
D30:  0.0070 ROUND  --       1 Draws,       0 Flashes
---------------------------------------------------------
  2 D-Codes      -----       9 Draws,       0 Flashes

*********************************************************

Output file: C:\DOLGUNOV\USBTIN\HW\TRUNK\USBTIN.DRD

Aperture totals for C:\DOLGUNOV\USBTIN\HW\TRUNK\USBTIN.DRD:
---------------------------------------------------------
D28:  0.0100 ROUND  --     687 Draws,       0 Flashes
---------------------------------------------------------
  1 D-Codes      -----     687 Draws,       0 Flashes


*********************************************************

Aperture totals for entire project:
---------------------------------------------------------
D10:  0.0320 x 0.0380 RECTANGLE -----      12 Flashes
D11:  0.0380 x 0.0320 RECTANGLE -----      14 Flashes
D12:  0.0250 x 0.0720 OBLONG    -----       7 Flashes
D13:  0.0250 x 0.0720 RECTANGLE -----       1 Flashes
D14:  0.0860 x 0.0240 OBLONG    -----      36 Flashes
D15:  0.0860 x 0.0240 RECTANGLE -----       2 Flashes
D16:  0.0450 x 0.0800 RECTANGLE -----       4 Flashes
D17:  0.0630 ROUND  --       0 Draws,       4 Flashes
D18:  0.0630 SQUARE --       0 Draws,       4 Flashes
D19:  0.0984 ROUND  --       0 Draws,       8 Flashes
D20:  0.0394 ROUND  --       0 Draws,       4 Flashes
D21:  0.1299 x 0.0787 RECTANGLE -----       2 Flashes
D22:  0.0984 x 0.0787 RECTANGLE -----       2 Flashes
D23:  0.1220 x 0.0197 RECTANGLE -----       5 Flashes
D24:  0.0670 ROUND  --       0 Draws,       5 Flashes
D25:  0.0670 SQUARE --       0 Draws,       1 Flashes
D26:  0.0480 ROUND  --       0 Draws,       4 Flashes
D27:  0.0260 ROUND  --       0 Draws,      48 Flashes
D28:  0.0100 ROUND  --    5452 Draws,       0 Flashes
D29:  0.0080 ROUND  --     213 Draws,       0 Flashes
D30:  0.0070 ROUND  --     448 Draws,       0 Flashes
D31:  0.0380 x 0.0440 RECTANGLE -----       3 Flashes
D32:  0.0360 x 0.0440 RECTANGLE -----       9 Flashes
D33:  0.0440 x 0.0380 RECTANGLE -----       4 Flashes
D34:  0.0440 x 0.0360 RECTANGLE -----      10 Flashes
D35:  0.0290 x 0.0760 OBLONG    -----       7 Flashes
D36:  0.0290 x 0.0760 RECTANGLE -----       1 Flashes
D37:  0.0920 x 0.0300 OBLONG    -----      36 Flashes
D38:  0.0920 x 0.0300 RECTANGLE -----       2 Flashes
D39:  0.0513 x 0.0863 RECTANGLE -----       4 Flashes
D40:  0.0680 ROUND  --       0 Draws,       4 Flashes
D41:  0.0680 SQUARE --       0 Draws,       4 Flashes
D42:  0.1134 ROUND  --       0 Draws,       8 Flashes
D43:  0.1338 x 0.0827 RECTANGLE -----       4 Flashes
D44:  0.1023 x 0.0827 RECTANGLE -----       2 Flashes
D45:  0.1260 x 0.0236 RECTANGLE -----       5 Flashes
D46:  0.0720 ROUND  --       0 Draws,       6 Flashes
D47:  0.0530 ROUND  --       0 Draws,       4 Flashes
D48:  0.0098 ROUND  --      16 Draws,       0 Flashes
---------------------------------------------------------
 39 D-Codes      -----    6129 Draws,     276 Flashes


No warnings or errors.
